Using pre-set license
Built from '2021.3/staging' branch; Version is '2021.3.9f1 (ad3870b89536) revision 11352176'; Using compiler version '192829333'; Build Type 'Release'
OS: 'Windows 10  (10.0.19045) 64bit Education' Language: 'en' Physical Memory: 8055 MB
BatchMode: 1, IsHumanControllingUs: 0, StartBugReporterOnCrash: 0, Is64bit: 1, IsPro: 1

COMMAND LINE ARGUMENTS:
C:\Program Files\Unity\Hub\Editor\2021.3.9f1\Editor\Unity.exe
-adb2
-batchMode
-noUpm
-name
AssetImportWorker0
-projectPath
C:/Users/student/Documents/GitHub/StateMachinesMiniProject/thing
-logFile
Logs/AssetImportWorker0.log
-srvPort
50847
Successfully changed project path to: C:/Users/student/Documents/GitHub/StateMachinesMiniProject/thing
C:/Users/student/Documents/GitHub/StateMachinesMiniProject/thing
[UnityMemory] Configuration Parameters - Can be set up in boot.config
    "memorysetup-bucket-allocator-granularity=16"
    "memorysetup-bucket-allocator-bucket-count=8"
    "memorysetup-bucket-allocator-block-size=33554432"
    "memorysetup-bucket-allocator-block-count=8"
    "memorysetup-main-allocator-block-size=16777216"
    "memorysetup-thread-allocator-block-size=16777216"
    "memorysetup-gfx-main-allocator-block-size=16777216"
    "memorysetup-gfx-thread-allocator-block-size=16777216"
    "memorysetup-cache-allocator-block-size=4194304"
    "memorysetup-typetree-allocator-block-size=2097152"
    "memorysetup-profiler-bucket-allocator-granularity=16"
    "memorysetup-profiler-bucket-allocator-bucket-count=8"
    "memorysetup-profiler-bucket-allocator-block-size=33554432"
    "memorysetup-profiler-bucket-allocator-block-count=8"
    "memorysetup-profiler-allocator-block-size=16777216"
    "memorysetup-profiler-editor-allocator-block-size=1048576"
    "memorysetup-temp-allocator-size-main=16777216"
    "memorysetup-job-temp-allocator-block-size=2097152"
    "memorysetup-job-temp-allocator-block-size-background=1048576"
    "memorysetup-job-temp-allocator-reduction-small-platforms=262144"
    "memorysetup-temp-allocator-size-background-worker=32768"
    "memorysetup-temp-allocator-size-job-worker=262144"
    "memorysetup-temp-allocator-size-preload-manager=33554432"
    "memorysetup-temp-allocator-size-nav-mesh-worker=65536"
    "memorysetup-temp-allocator-size-audio-worker=65536"
    "memorysetup-temp-allocator-size-cloud-worker=32768"
    "memorysetup-temp-allocator-size-gi-baking-worker=262144"
    "memorysetup-temp-allocator-size-gfx=262144"
Refreshing native plugins compatible for Editor in 265.52 ms, found 4 plugins.
Preloading 0 native plugins for Editor in 0.00 ms.
Initialize engine version: 2021.3.9f1 (ad3870b89536)
[Subsystems] Discovering subsystems at path C:/Program Files/Unity/Hub/Editor/2021.3.9f1/Editor/Data/Resources/UnitySubsystems
[Subsystems] Discovering subsystems at path C:/Users/student/Documents/GitHub/StateMachinesMiniProject/thing/Assets
GfxDevice: creating device client; threaded=0; jobified=0
Direct3D:
    Version:  Direct3D 11.0 [level 11.1]
    Renderer: Intel(R) HD Graphics 530 (ID=0x1912)
    Vendor:   Intel
    VRAM:     4027 MB
    Driver:   27.20.100.9664
Initialize mono
Mono path[0] = 'C:/Program Files/Unity/Hub/Editor/2021.3.9f1/Editor/Data/Managed'
Mono path[1] = 'C:/Program Files/Unity/Hub/Editor/2021.3.9f1/Editor/Data/MonoBleedingEdge/lib/mono/unityjit-win32'
Mono config path = 'C:/Program Files/Unity/Hub/Editor/2021.3.9f1/Editor/Data/MonoBleedingEdge/etc'
Using monoOptions --debugger-agent=transport=dt_socket,embedding=1,server=y,suspend=n,address=127.0.0.1:56476
Begin MonoManager ReloadAssembly
Registering precompiled unity dll's ...
Register platform support module: C:/Program Files/Unity/Hub/Editor/2021.3.9f1/Editor/Data/PlaybackEngines/WebGLSupport/UnityEditor.WebGL.Extensions.dll
Register platform support module: C:/Program Files/Unity/Hub/Editor/2021.3.9f1/Editor/Data/PlaybackEngines/WindowsStandaloneSupport/UnityEditor.WindowsStandalone.Extensions.dll
Registered in 0.017896 seconds.
Native extension for WindowsStandalone target not found
Native extension for WebGL target not found
Refreshing native plugins compatible for Editor in 119.12 ms, found 4 plugins.
Preloading 0 native plugins for Editor in 0.00 ms.
Mono: successfully reloaded assembly
- Completed reload, in  1.193 seconds
Domain Reload Profiling:
	ReloadAssembly (1194ms)
		BeginReloadAssembly (204ms)
			ExecutionOrderSort (0ms)
			DisableScriptedObjects (0ms)
			BackupInstance (0ms)
			ReleaseScriptingObjects (0ms)
			CreateAndSetChildDomain (1ms)
		EndReloadAssembly (744ms)
			LoadAssemblies (205ms)
			RebuildTransferFunctionScriptingTraits (0ms)
			SetupTypeCache (208ms)
			ReleaseScriptCaches (0ms)
			RebuildScriptCaches (40ms)
			SetupLoadedEditorAssemblies (409ms)
				LogAssemblyErrors (0ms)
				InitializePlatformSupportModulesInManaged (13ms)
				SetLoadedEditorAssemblies (0ms)
				RefreshPlugins (119ms)
				BeforeProcessingInitializeOnLoad (2ms)
				ProcessInitializeOnLoadAttributes (207ms)
				ProcessInitializeOnLoadMethodAttributes (67ms)
				AfterProcessingInitializeOnLoad (0ms)
				EditorAssembliesLoaded (0ms)
			ExecutionOrderSort2 (0ms)
			AwakeInstancesAfterBackupRestoration (0ms)
Platform modules already initialized, skipping
Registering precompiled user dll's ...
Registered in 0.033703 seconds.
Begin MonoManager ReloadAssembly
Symbol file LoadedFromMemory doesn't match image C:\Users\student\Documents\GitHub\StateMachinesMiniProject\thing\Library\PackageCache\com.unity.visualscripting@1.7.8\Editor\VisualScripting.Core\Dependencies\YamlDotNet\Unity.VisualScripting.YamlDotNet.dll
Symbol file LoadedFromMemory doesn't match image C:\Users\student\Documents\GitHub\StateMachinesMiniProject\thing\Library\PackageCache\com.unity.visualscripting@1.7.8\Editor\VisualScripting.Core\Dependencies\DotNetZip\Unity.VisualScripting.IonicZip.dll
Native extension for WindowsStandalone target not found
Native extension for WebGL target not found
Refreshing native plugins compatible for Editor in 131.54 ms, found 4 plugins.
Preloading 0 native plugins for Editor in 0.00 ms.
Mono: successfully reloaded assembly
- Completed reload, in  2.136 seconds
Domain Reload Profiling:
	ReloadAssembly (2137ms)
		BeginReloadAssembly (242ms)
			ExecutionOrderSort (0ms)
			DisableScriptedObjects (8ms)
			BackupInstance (0ms)
			ReleaseScriptingObjects (0ms)
			CreateAndSetChildDomain (27ms)
		EndReloadAssembly (1688ms)
			LoadAssemblies (402ms)
			RebuildTransferFunctionScriptingTraits (0ms)
			SetupTypeCache (381ms)
			ReleaseScriptCaches (1ms)
			RebuildScriptCaches (75ms)
			SetupLoadedEditorAssemblies (826ms)
				LogAssemblyErrors (0ms)
				InitializePlatformSupportModulesInManaged (11ms)
				SetLoadedEditorAssemblies (0ms)
				RefreshPlugins (132ms)
				BeforeProcessingInitializeOnLoad (176ms)
				ProcessInitializeOnLoadAttributes (429ms)
				ProcessInitializeOnLoadMethodAttributes (63ms)
				AfterProcessingInitializeOnLoad (15ms)
				EditorAssembliesLoaded (0ms)
			ExecutionOrderSort2 (0ms)
			AwakeInstancesAfterBackupRestoration (11ms)
Platform modules already initialized, skipping
========================================================================
Worker process is ready to serve import requests
Launched and connected shader compiler UnityShaderCompiler.exe after 0.13 seconds
Refreshing native plugins compatible for Editor in 0.79 ms, found 4 plugins.
Preloading 0 native plugins for Editor in 0.00 ms.
Unloading 4069 Unused Serialized files (Serialized files now loaded: 0)
Unloading 44 unused Assets / (223.4 KB). Loaded Objects now: 4519.
Memory consumption went from 151.3 MB to 151.1 MB.
Total: 4.910000 ms (FindLiveObjects: 0.353600 ms CreateObjectMapping: 0.249100 ms MarkObjects: 4.102500 ms  DeleteObjects: 0.203700 ms)

AssetImportParameters requested are different than current active one (requested -> active):
  custom:video-decoder-ogg-theora: a1e56fd34408186e4bbccfd4996cb3dc -> 
  custom:container-muxer-webm: aa71ff27fc2769a1b78a27578f13a17b -> 
  custom:container-demuxer-webm: 4f35f7cbe854078d1ac9338744f61a02 -> 
  custom:video-encoder-webm-vp8: eb34c28f22e8b96e1ab97ce403110664 -> 
  custom:audio-encoder-webm-vorbis: bf7c407c2cedff20999df2af8eb42d56 -> 
  custom:framework-win-MediaFoundation: 216162199b28c13a410421893ffa2e32 -> 
  custom:container-demuxer-ogg: 62fdf1f143b41e24485cea50d1cbac27 -> 
  custom:video-decoder-webm-vp8: 9c59270c3fd7afecdb556c50c9e8de78 -> 
  custom:audio-decoder-ogg-vorbis: bf7c407c2cedff20999df2af8eb42d56 -> 
========================================================================
Received Import Request.
  Time since last request: 311340.801744 seconds.
  path: Assets/pixel-32x32.png
  artifactKey: Guid(137155062e71b7447ba3af97e7ad4827) Importer(815301076,1909f56bfc062723c751e8b465ee728b)
Start importing Assets/pixel-32x32.png using Guid(137155062e71b7447ba3af97e7ad4827) Importer(815301076,1909f56bfc062723c751e8b465ee728b)  -> (artifact id: '822f07bea8117bf453ff22fa570b0749') in 0.222153 seconds 
========================================================================
Received Import Request.
  Time since last request: 14.994564 seconds.
  path: Assets/pixel-32x32.png
  artifactKey: Guid(137155062e71b7447ba3af97e7ad4827) Importer(815301076,1909f56bfc062723c751e8b465ee728b)
Start importing Assets/pixel-32x32.png using Guid(137155062e71b7447ba3af97e7ad4827) Importer(815301076,1909f56bfc062723c751e8b465ee728b)  -> (artifact id: '795e412743347798916bb0a1afefcf4c') in 0.024640 seconds 
========================================================================
Received Import Request.
  Time since last request: 12.823940 seconds.
  path: Assets/pixel-32x32.png
  artifactKey: Guid(137155062e71b7447ba3af97e7ad4827) Importer(815301076,1909f56bfc062723c751e8b465ee728b)
Start importing Assets/pixel-32x32.png using Guid(137155062e71b7447ba3af97e7ad4827) Importer(815301076,1909f56bfc062723c751e8b465ee728b)  -> (artifact id: 'b961e34a9af850c8f62967c32b281590') in 0.025254 seconds 
========================================================================
Received Import Request.
  Time since last request: 94.681585 seconds.
  path: Assets/pixel-32x32.png
  artifactKey: Guid(137155062e71b7447ba3af97e7ad4827) Importer(815301076,1909f56bfc062723c751e8b465ee728b)
Start importing Assets/pixel-32x32.png using Guid(137155062e71b7447ba3af97e7ad4827) Importer(815301076,1909f56bfc062723c751e8b465ee728b)  -> (artifact id: 'c439c86ffc12a82029208d6d0cd57bf0') in 0.025505 seconds 
========================================================================
Received Import Request.
  Time since last request: 49.913065 seconds.
  path: Assets/pixel-32x32.png
  artifactKey: Guid(137155062e71b7447ba3af97e7ad4827) Importer(815301076,1909f56bfc062723c751e8b465ee728b)
Start importing Assets/pixel-32x32.png using Guid(137155062e71b7447ba3af97e7ad4827) Importer(815301076,1909f56bfc062723c751e8b465ee728b)  -> (artifact id: 'f158c5229a0e2df38d78fad4bf74af94') in 0.020368 seconds 
========================================================================
Received Import Request.
  Time since last request: 8.822750 seconds.
  path: Assets/pixel-32x32.png
  artifactKey: Guid(137155062e71b7447ba3af97e7ad4827) Importer(815301076,1909f56bfc062723c751e8b465ee728b)
Start importing Assets/pixel-32x32.png using Guid(137155062e71b7447ba3af97e7ad4827) Importer(815301076,1909f56bfc062723c751e8b465ee728b)  -> (artifact id: 'fc0293d5d1dd70986383fa85fd9ca3a2') in 0.027776 seconds 
========================================================================
Received Import Request.
  Time since last request: 8.414296 seconds.
  path: Assets/pixel-32x32.png
  artifactKey: Guid(137155062e71b7447ba3af97e7ad4827) Importer(815301076,1909f56bfc062723c751e8b465ee728b)
Start importing Assets/pixel-32x32.png using Guid(137155062e71b7447ba3af97e7ad4827) Importer(815301076,1909f56bfc062723c751e8b465ee728b)  -> (artifact id: '824cb334e32d5a78c117e3da13c6e34b') in 0.027091 seconds 
========================================================================
Received Import Request.
  Time since last request: 6.100733 seconds.
  path: Assets/pixel-32x32_0.prefab
  artifactKey: Guid(3a73936e6ec188b45b66fe6f2c08d9d0) Importer(815301076,1909f56bfc062723c751e8b465ee728b)
Start importing Assets/pixel-32x32_0.prefab using Guid(3a73936e6ec188b45b66fe6f2c08d9d0) Importer(815301076,1909f56bfc062723c751e8b465ee728b)  -> (artifact id: '7e1e57f5cc21303a2b3010ee0fc1ce37') in 0.066679 seconds 
========================================================================
Received Import Request.
  Time since last request: 894.542137 seconds.
  path: Assets/Scenes
  artifactKey: Guid(131a6b21c8605f84396be9f6751fb6e3) Importer(815301076,1909f56bfc062723c751e8b465ee728b)
Start importing Assets/Scenes using Guid(131a6b21c8605f84396be9f6751fb6e3) Importer(815301076,1909f56bfc062723c751e8b465ee728b)  -> (artifact id: '2c23e514d24f6b65fe96946cd87fc526') in 0.012060 seconds 
========================================================================
Received Import Request.
  Time since last request: 0.484231 seconds.
  path: Assets/Scenes/SampleScene.unity
  artifactKey: Guid(2cda990e2423bbf4892e6590ba056729) Importer(815301076,1909f56bfc062723c751e8b465ee728b)
Start importing Assets/Scenes/SampleScene.unity using Guid(2cda990e2423bbf4892e6590ba056729) Importer(815301076,1909f56bfc062723c751e8b465ee728b)  -> (artifact id: '1d118fc07f88c525f94148103db6b7da') in 0.009527 seconds 
========================================================================
Received Import Request.
  Time since last request: 7.874974 seconds.
  path: Assets/Scenes/Game.unity
  artifactKey: Guid(2cda990e2423bbf4892e6590ba056729) Importer(815301076,1909f56bfc062723c751e8b465ee728b)
Start importing Assets/Scenes/Game.unity using Guid(2cda990e2423bbf4892e6590ba056729) Importer(815301076,1909f56bfc062723c751e8b465ee728b)  -> (artifact id: 'e85a6ebe0cd30eab085f6f0d04add7a3') in 0.009579 seconds 
========================================================================
Received Import Request.
  Time since last request: 455.445667 seconds.
  path: Assets
  artifactKey: Guid(00000000000000001000000000000000) Importer(815301076,1909f56bfc062723c751e8b465ee728b)
Start importing Assets using Guid(00000000000000001000000000000000) Importer(815301076,1909f56bfc062723c751e8b465ee728b)  -> (artifact id: '79842766b460edbeab6a34051e857a80') in 0.004910 seconds 
========================================================================
Received Import Request.
  Time since last request: 14.224837 seconds.
  path: Assets/Square.png
  artifactKey: Guid(323ff480ce5520b4d99afc1f8c169f9c) Importer(815301076,1909f56bfc062723c751e8b465ee728b)
Start importing Assets/Square.png using Guid(323ff480ce5520b4d99afc1f8c169f9c) Importer(815301076,1909f56bfc062723c751e8b465ee728b)  -> (artifact id: 'c72e61608bd347d159872aea3b8d409d') in 0.050711 seconds 
========================================================================
Received Import Request.
  Time since last request: 13.899803 seconds.
  path: Assets/New Palette.prefab
  artifactKey: Guid(58f421c78a842ee469f8ae66bfe18bd3) Importer(815301076,1909f56bfc062723c751e8b465ee728b)
Start importing Assets/New Palette.prefab using Guid(58f421c78a842ee469f8ae66bfe18bd3) Importer(815301076,1909f56bfc062723c751e8b465ee728b)  -> (artifact id: 'ecefb736d9c9892d9eb4d396a456bfb5') in 0.060866 seconds 
========================================================================
Received Import Request.
  Time since last request: 6.289977 seconds.
  path: Assets/New Palette.prefab
  artifactKey: Guid(58f421c78a842ee469f8ae66bfe18bd3) Importer(815301076,1909f56bfc062723c751e8b465ee728b)
Start importing Assets/New Palette.prefab using Guid(58f421c78a842ee469f8ae66bfe18bd3) Importer(815301076,1909f56bfc062723c751e8b465ee728b)  -> (artifact id: '9b7c33f24c49f88e240ff37f226f0538') in 0.051491 seconds 
========================================================================
Received Import Request.
  Time since last request: 0.000025 seconds.
  path: Assets/Square.asset
  artifactKey: Guid(4fc5e7a0e4f377e4e9c41eeaa31646f2) Importer(815301076,1909f56bfc062723c751e8b465ee728b)
Start importing Assets/Square.asset using Guid(4fc5e7a0e4f377e4e9c41eeaa31646f2) Importer(815301076,1909f56bfc062723c751e8b465ee728b)  -> (artifact id: '05414dc222ebba1dc779c699dc618a8f') in 0.061470 seconds 
========================================================================
Received Import Request.
  Time since last request: 14.139278 seconds.
  path: Assets/New Palette.prefab
  artifactKey: Guid(58f421c78a842ee469f8ae66bfe18bd3) Importer(815301076,1909f56bfc062723c751e8b465ee728b)
Start importing Assets/New Palette.prefab using Guid(58f421c78a842ee469f8ae66bfe18bd3) Importer(815301076,1909f56bfc062723c751e8b465ee728b)  -> (artifact id: 'd207e078c61c7642c8a2ca909338906d') in 0.037400 seconds 
========================================================================
Received Import Request.
  Time since last request: 0.000026 seconds.
  path: Assets/Square.asset
  artifactKey: Guid(4fc5e7a0e4f377e4e9c41eeaa31646f2) Importer(815301076,1909f56bfc062723c751e8b465ee728b)
Start importing Assets/Square.asset using Guid(4fc5e7a0e4f377e4e9c41eeaa31646f2) Importer(815301076,1909f56bfc062723c751e8b465ee728b)  -> (artifact id: 'e0794f5620e1f342e45f1a3f2de5c242') in 0.030105 seconds 
========================================================================
Received Import Request.
  Time since last request: 64.688811 seconds.
  path: Assets/playercontroller.cs
  artifactKey: Guid(93e96b40aef1bfc40842309c0c4adbdc) Importer(815301076,1909f56bfc062723c751e8b465ee728b)
Start importing Assets/playercontroller.cs using Guid(93e96b40aef1bfc40842309c0c4adbdc) Importer(815301076,1909f56bfc062723c751e8b465ee728b)  -> (artifact id: '7b5cb01438b3422ce1a3a0ceb7cb5cff') in 0.027807 seconds 
========================================================================
Received Prepare
Registering precompiled user dll's ...
Registered in 0.037452 seconds.
Begin MonoManager ReloadAssembly
Symbol file LoadedFromMemory doesn't match image C:\Users\student\Documents\GitHub\StateMachinesMiniProject\thing\Library\PackageCache\com.unity.visualscripting@1.7.8\Editor\VisualScripting.Core\Dependencies\YamlDotNet\Unity.VisualScripting.YamlDotNet.dll
Symbol file LoadedFromMemory doesn't match image C:\Users\student\Documents\GitHub\StateMachinesMiniProject\thing\Library\PackageCache\com.unity.visualscripting@1.7.8\Editor\VisualScripting.Core\Dependencies\DotNetZip\Unity.VisualScripting.IonicZip.dll
Native extension for WindowsStandalone target not found
Native extension for WebGL target not found
Refreshing native plugins compatible for Editor in 0.92 ms, found 4 plugins.
Preloading 0 native plugins for Editor in 0.00 ms.
Mono: successfully reloaded assembly
- Completed reload, in  3.249 seconds
Domain Reload Profiling:
	ReloadAssembly (3251ms)
		BeginReloadAssembly (1706ms)
			ExecutionOrderSort (0ms)
			DisableScriptedObjects (89ms)
			BackupInstance (0ms)
			ReleaseScriptingObjects (0ms)
			CreateAndSetChildDomain (1223ms)
		EndReloadAssembly (1369ms)
			LoadAssemblies (546ms)
			RebuildTransferFunctionScriptingTraits (0ms)
			SetupTypeCache (374ms)
			ReleaseScriptCaches (2ms)
			RebuildScriptCaches (60ms)
			SetupLoadedEditorAssemblies (528ms)
				LogAssemblyErrors (0ms)
				InitializePlatformSupportModulesInManaged (22ms)
				SetLoadedEditorAssemblies (1ms)
				RefreshPlugins (1ms)
				BeforeProcessingInitializeOnLoad (116ms)
				ProcessInitializeOnLoadAttributes (317ms)
				ProcessInitializeOnLoadMethodAttributes (57ms)
				AfterProcessingInitializeOnLoad (15ms)
				EditorAssembliesLoaded (0ms)
			ExecutionOrderSort2 (0ms)
			AwakeInstancesAfterBackupRestoration (15ms)
Platform modules already initialized, skipping
Refreshing native plugins compatible for Editor in 5.54 ms, found 4 plugins.
Preloading 0 native plugins for Editor in 0.00 ms.
Unloading 4065 Unused Serialized files (Serialized files now loaded: 0)
Unloading 31 unused Assets / (190.6 KB). Loaded Objects now: 4538.
Memory consumption went from 155.7 MB to 155.6 MB.
Total: 5.170700 ms (FindLiveObjects: 0.525500 ms CreateObjectMapping: 0.207300 ms MarkObjects: 4.249800 ms  DeleteObjects: 0.187200 ms)

AssetImportParameters requested are different than current active one (requested -> active):
  custom:video-decoder-ogg-theora: a1e56fd34408186e4bbccfd4996cb3dc -> 
  custom:container-muxer-webm: aa71ff27fc2769a1b78a27578f13a17b -> 
  custom:container-demuxer-webm: 4f35f7cbe854078d1ac9338744f61a02 -> 
  custom:video-encoder-webm-vp8: eb34c28f22e8b96e1ab97ce403110664 -> 
  custom:audio-encoder-webm-vorbis: bf7c407c2cedff20999df2af8eb42d56 -> 
  custom:framework-win-MediaFoundation: 216162199b28c13a410421893ffa2e32 -> 
  custom:container-demuxer-ogg: 62fdf1f143b41e24485cea50d1cbac27 -> 
  custom:video-decoder-webm-vp8: 9c59270c3fd7afecdb556c50c9e8de78 -> 
  custom:audio-decoder-ogg-vorbis: bf7c407c2cedff20999df2af8eb42d56 -> 
========================================================================
Received Import Request.
  Time since last request: 81.477860 seconds.
  path: Assets/playercontroller.cs
  artifactKey: Guid(93e96b40aef1bfc40842309c0c4adbdc) Importer(815301076,1909f56bfc062723c751e8b465ee728b)
Start importing Assets/playercontroller.cs using Guid(93e96b40aef1bfc40842309c0c4adbdc) Importer(815301076,1909f56bfc062723c751e8b465ee728b)  -> (artifact id: '5cd7e933d1013faa7793d4799b0360a9') in 0.019086 seconds 
========================================================================
Received Import Request.
  Time since last request: 52.156177 seconds.
  path: Assets/playercontroller.cs
  artifactKey: Guid(93e96b40aef1bfc40842309c0c4adbdc) Importer(815301076,1909f56bfc062723c751e8b465ee728b)
Start importing Assets/playercontroller.cs using Guid(93e96b40aef1bfc40842309c0c4adbdc) Importer(815301076,1909f56bfc062723c751e8b465ee728b)  -> (artifact id: '493e4ddf458961b27520d0648f508c67') in 0.008393 seconds 
========================================================================
Received Import Request.
  Time since last request: 25.524417 seconds.
  path: Assets/playercontroller.cs
  artifactKey: Guid(93e96b40aef1bfc40842309c0c4adbdc) Importer(815301076,1909f56bfc062723c751e8b465ee728b)
Start importing Assets/playercontroller.cs using Guid(93e96b40aef1bfc40842309c0c4adbdc) Importer(815301076,1909f56bfc062723c751e8b465ee728b)  -> (artifact id: 'd5157aa09026ad3dfd606c5e551cae7a') in 0.008036 seconds 
